<?xml version="1.0" encoding="UTF-8"?>
<!-- Generated by org.testng.reporters.JUnitReportReporter -->
<testsuite hostname="DESKTOP-N99VJUN" failures="0" tests="1" name="actualTC.VerifyTitleOfHomePage" time="0.762" errors="0" timestamp="2024-05-02T12:49:50 IST" skipped="0">
  <testcase classname="actualTC.VerifyTitleOfHomePage" name="TC" time="0.762"/>
  <system-out/>
</testsuite> <!-- actualTC.VerifyTitleOfHomePage -->
